{
  message: 'Successfully db is connected',
  level: 'info',
  label: 'right meow!',
  timestamp: '2023-06-16T19:14:29.637Z'
}
{
  message: 'Example app listening on port 5000',
  level: 'info',
  label: 'right meow!',
  timestamp: '2023-06-16T19:14:29.643Z'
}
{
  message: 'SIGTERM is received',
  level: 'info',
  label: 'right meow!',
  timestamp: '2023-06-16T19:18:25.114Z'
}
{
  message: 'Successfully db is connected',
  level: 'info',
  label: 'right meow!',
  timestamp: '2023-06-16T19:18:37.496Z'
}
{
  message: 'Example app listening on port 5000',
  level: 'info',
  label: 'right meow!',
  timestamp: '2023-06-16T19:18:37.503Z'
}
{
  message: 'SIGTERM is received',
  level: 'info',
  label: 'right meow!',
  timestamp: '2023-06-16T19:21:10.865Z'
}
{
  message: 'Successfully db is connected',
  level: 'info',
  label: 'right meow!',
  timestamp: '2023-06-16T19:23:39.876Z'
}
{
  message: 'Example app listening on port 5000',
  level: 'info',
  label: 'right meow!',
  timestamp: '2023-06-16T19:23:39.883Z'
}
{
  message: 'SIGTERM is received',
  level: 'info',
  label: 'right meow!',
  timestamp: '2023-06-16T19:24:41.087Z'
}
{
  message: 'Successfully db is connected',
  level: 'info',
  label: 'right meow!',
  timestamp: '2023-06-16T19:24:54.992Z'
}
{
  message: 'Example app listening on port 5000',
  level: 'info',
  label: 'right meow!',
  timestamp: '2023-06-16T19:24:54.997Z'
}
{
  message: 'SIGTERM is received',
  level: 'info',
  label: 'right meow!',
  timestamp: '2023-06-16T19:25:32.933Z'
}
{
  message: 'Successfully db is connected',
  level: 'info',
  label: 'right meow!',
  timestamp: '2023-06-16T19:25:54.077Z'
}
{
  message: 'Example app listening on port 5000',
  level: 'info',
  label: 'right meow!',
  timestamp: '2023-06-16T19:25:54.080Z'
}
